Traceback (most recent call last):
  File "<frozen importlib._bootstrap_external>", line 148, in _path_is_mode_type
  File "<frozen importlib._bootstrap_external>", line 142, in _path_stat
FileNotFoundError: [Errno 2] No such file or directory: '/home/elba_ro/.local/lib/python3.8/site-packages/semantic_version/__init__.cpython-38-x86_64-linux-gnu.so'

During handling of the above exception, another exception occurred:

Traceback (most recent call last):
  File "scripts/style_transfer_trainer.py", line 3, in <module>
    from comet_ml import Experiment
  File "/home/elba_ro/.local/lib/python3.8/site-packages/comet_ml/__init__.py", line 25, in <module>
    from ._online import ExistingExperiment, Experiment
  File "/home/elba_ro/.local/lib/python3.8/site-packages/comet_ml/_online.py", line 32, in <module>
    from .artifacts import (
  File "/home/elba_ro/.local/lib/python3.8/site-packages/comet_ml/artifacts.py", line 25, in <module>
    import semantic_version
  File "<frozen importlib._bootstrap>", line 991, in _find_and_load
  File "<frozen importlib._bootstrap>", line 971, in _find_and_load_unlocked
  File "<frozen importlib._bootstrap>", line 914, in _find_spec
  File "<frozen importlib._bootstrap_external>", line 1407, in find_spec
  File "<frozen importlib._bootstrap_external>", line 1379, in _get_spec
  File "<frozen importlib._bootstrap_external>", line 1525, in find_spec
  File "<frozen importlib._bootstrap_external>", line 156, in _path_isfile
  File "<frozen importlib._bootstrap_external>", line 148, in _path_is_mode_type
KeyboardInterrupt
/home/elba_ro/.local/lib/python3.8/site-packages/scipy/__init__.py:138: UserWarning: A NumPy version >=1.16.5 and <1.23.0 is required for this version of SciPy (detected version 1.24.3)
  warnings.warn(f"A NumPy version >={np_minversion} and <{np_maxversion} is required for this version of "
| ID | GPU | MEM |
------------------
|  0 | 92% | 83% |
|  1 |  0% |  0% |
None
dotenv was True
Token is valid.
[1m[31mCannot authenticate through git-credential as no helper is defined on your machine.
You might have to re-authenticate when pushing to the Hugging Face Hub.
Run the following command in your terminal in case you want to set the 'store' credential helper as default.

git config --global credential.helper store

Read https://git-scm.com/book/en/v2/Git-Tools-Credential-Storage for more details.[0m
Token has not been saved to git credential helper.
Your token has been saved to /home/elba_ro/.cache/huggingface/token
Login successful
Running Experiments for key style_estyle_evaluator_liberal_bb/styles/bb
â•­â”€â”€â”€â”€â”€â”€â”€â”€â”€â”€â”€â”€â”€â”€â”€â”€â”€â”€â”€â”€â”€ Traceback (most recent call last) â”€â”€â”€â”€â”€â”€â”€â”€â”€â”€â”€â”€â”€â”€â”€â”€â”€â”€â”€â”€â”€â”€â•®
â”‚ /home/elba_ro/repos/github/conf22-style-transfer/scripts/style_transfer_trai â”‚
â”‚ ner.py:62 in run_experiment                                                  â”‚
â”‚                                                                              â”‚
â”‚    59 â”‚   â”‚                                                                  â”‚
â”‚    60 â”‚   â”‚   login(os.getenv('HUGGINGFACE_TOKEN'), add_to_git_credential=Tr â”‚
â”‚    61 â”‚   â”‚   print(f"Running Experiments for key {config_key}")             â”‚
â”‚ â±  62 â”‚   â”‚   config_dict = all_configs[config_key]                          â”‚
â”‚    63 â”‚   â”‚   print(config_dict["output_dir"].split("/")[-1].replace("_", "" â”‚
â”‚    64 â”‚   â”‚   experiment = init_comet(config_dict["output_dir"].split("/")[- â”‚
â”‚    65                                                                        â”‚
â•°â”€â”€â”€â”€â”€â”€â”€â”€â”€â”€â”€â”€â”€â”€â”€â”€â”€â”€â”€â”€â”€â”€â”€â”€â”€â”€â”€â”€â”€â”€â”€â”€â”€â”€â”€â”€â”€â”€â”€â”€â”€â”€â”€â”€â”€â”€â”€â”€â”€â”€â”€â”€â”€â”€â”€â”€â”€â”€â”€â”€â”€â”€â”€â”€â”€â”€â”€â”€â”€â”€â”€â”€â”€â”€â”€â”€â”€â”€â•¯
KeyError: 'style_estyle_evaluator_liberal_bb/styles/bb'

During handling of the above exception, another exception occurred:

â•­â”€â”€â”€â”€â”€â”€â”€â”€â”€â”€â”€â”€â”€â”€â”€â”€â”€â”€â”€â”€â”€ Traceback (most recent call last) â”€â”€â”€â”€â”€â”€â”€â”€â”€â”€â”€â”€â”€â”€â”€â”€â”€â”€â”€â”€â”€â”€â•®
â”‚ /home/elba_ro/repos/github/conf22-style-transfer/scripts/style_transfer_trai â”‚
â”‚ ner.py:129 in main                                                           â”‚
â”‚                                                                              â”‚
â”‚   126 â”‚   â”‚   parser.add_argument("-k", "--experimentkey", type=str)         â”‚
â”‚   127 â”‚   â”‚   args = parser.parse_args()                                     â”‚
â”‚   128 â”‚   â”‚                                                                  â”‚
â”‚ â± 129 â”‚   â”‚   run_experiment(args.experimentkey)                             â”‚
â”‚   130 â”‚   finally:                                                           â”‚
â”‚   131 â”‚   â”‚   #tracker.stop()                                                â”‚
â”‚   132 â”‚   â”‚   global experiment                                              â”‚
â”‚                                                                              â”‚
â”‚ /home/elba_ro/repos/github/conf22-style-transfer/scripts/style_transfer_trai â”‚
â”‚ ner.py:117 in run_experiment                                                 â”‚
â”‚                                                                              â”‚
â”‚   114 â”‚   â”‚   â”‚   experiment.log_metric("test_score", score)                 â”‚
â”‚   115 â”‚                                                                      â”‚
â”‚   116 â”‚   finally:                                                           â”‚
â”‚ â± 117 â”‚   â”‚   experiment.end()                                               â”‚
â”‚   118                                                                        â”‚
â”‚   119                                                                        â”‚
â”‚   120 def main():                                                            â”‚
â•°â”€â”€â”€â”€â”€â”€â”€â”€â”€â”€â”€â”€â”€â”€â”€â”€â”€â”€â”€â”€â”€â”€â”€â”€â”€â”€â”€â”€â”€â”€â”€â”€â”€â”€â”€â”€â”€â”€â”€â”€â”€â”€â”€â”€â”€â”€â”€â”€â”€â”€â”€â”€â”€â”€â”€â”€â”€â”€â”€â”€â”€â”€â”€â”€â”€â”€â”€â”€â”€â”€â”€â”€â”€â”€â”€â”€â”€â”€â•¯
NameError: name 'experiment' is not defined

During handling of the above exception, another exception occurred:

â•­â”€â”€â”€â”€â”€â”€â”€â”€â”€â”€â”€â”€â”€â”€â”€â”€â”€â”€â”€â”€â”€ Traceback (most recent call last) â”€â”€â”€â”€â”€â”€â”€â”€â”€â”€â”€â”€â”€â”€â”€â”€â”€â”€â”€â”€â”€â”€â•®
â”‚ /home/elba_ro/repos/github/conf22-style-transfer/scripts/style_transfer_trai â”‚
â”‚ ner.py:137 in <module>                                                       â”‚
â”‚                                                                              â”‚
â”‚   134 â”‚   â”‚   #print(f"FINAL EMMISION {tracker.final_emissions}")            â”‚
â”‚   135                                                                        â”‚
â”‚   136 if __name__ == "__main__":                                             â”‚
â”‚ â± 137 â”‚   main()                                                             â”‚
â”‚                                                                              â”‚
â”‚ /home/elba_ro/repos/github/conf22-style-transfer/scripts/style_transfer_trai â”‚
â”‚ ner.py:133 in main                                                           â”‚
â”‚                                                                              â”‚
â”‚   130 â”‚   finally:                                                           â”‚
â”‚   131 â”‚   â”‚   #tracker.stop()                                                â”‚
â”‚   132 â”‚   â”‚   global experiment                                              â”‚
â”‚ â± 133 â”‚   â”‚   experiment.end()                                               â”‚
â”‚   134 â”‚   â”‚   #print(f"FINAL EMMISION {tracker.final_emissions}")            â”‚
â”‚   135                                                                        â”‚
â”‚   136 if __name__ == "__main__":                                             â”‚
â•°â”€â”€â”€â”€â”€â”€â”€â”€â”€â”€â”€â”€â”€â”€â”€â”€â”€â”€â”€â”€â”€â”€â”€â”€â”€â”€â”€â”€â”€â”€â”€â”€â”€â”€â”€â”€â”€â”€â”€â”€â”€â”€â”€â”€â”€â”€â”€â”€â”€â”€â”€â”€â”€â”€â”€â”€â”€â”€â”€â”€â”€â”€â”€â”€â”€â”€â”€â”€â”€â”€â”€â”€â”€â”€â”€â”€â”€â”€â•¯
NameError: name 'experiment' is not defined
